WeatherViewer/app/build/outputs/logs/manifest-merger-debug-report.txt
-- Merging decision tree log ---
manifest
ADDED from src/main/AndroidManifest.xml:2:1-36:12
INJECTED from src/main/AndroidManifest.xml:2:1-36:12
INJECTED from src/main/AndroidManifest.xml:2:1-36:12
INJECTED from src/main/AndroidManifest.xml:2:1-36:12
INJECTED from src/main/AndroidManifest.xml:2:1-36:12
INJECTED from src/main/AndroidManifest.xml:2:1-36:12
INJECTED from src/main/AndroidManifest.xml:2:1-36:12
	package
		ADDED from src/main/AndroidManifest.xml:4:5-39
		INJECTED from src/main/AndroidManifest.xml
		INJECTED from src/main/AndroidManifest.xml
	android:versionName
		ADDED from src/main/AndroidManifest.xml:5:5-30
		INJECTED from src/main/AndroidManifest.xml
		INJECTED from src/main/AndroidManifest.xml
	xmlns:android
		ADDED from src/main/AndroidManifest.xml:3:5-63
	android:versionCode
		ADDED from src/main/AndroidManifest.xml:4:40-63
		INJECTED from src/main/AndroidManifest.xml
		INJECTED from src/main/AndroidManifest.xml
uses-permission#android.permission.INTERNET
ADDED from src/main/AndroidManifest.xml:7:4-9:22
	android:name
		ADDED from src/main/AndroidManifest.xml:8:8-50
application
ADDED from src/main/AndroidManifest.xml:11:4-35:18
	android:label
		ADDED from src/main/AndroidManifest.xml:12:7-39
	android:icon
		ADDED from src/main/AndroidManifest.xml:11:17-46
activity#com.deitel.weatherviewer.WeatherViewerActivity
ADDED from src/main/AndroidManifest.xml:13:7-19:18
	android:label
		ADDED from src/main/AndroidManifest.xml:14:10-42
	android:name
		ADDED from src/main/AndroidManifest.xml:13:17-54
intent-filter#action:name:android.intent.action.MAIN+category:name:android.intent.category.LAUNCHER
ADDED from src/main/AndroidManifest.xml:15:10-18:26
action#android.intent.action.MAIN
ADDED from src/main/AndroidManifest.xml:16:13-65
	android:name
		ADDED from src/main/AndroidManifest.xml:16:21-62
category#android.intent.category.LAUNCHER
ADDED from src/main/AndroidManifest.xml:17:13-73
	android:name
		ADDED from src/main/AndroidManifest.xml:17:23-70
receiver#com.deitel.weatherviewer.WeatherProvider
ADDED from src/main/AndroidManifest.xml:21:7-32:18
	android:name
		ADDED from src/main/AndroidManifest.xml:21:17-48
meta-data#android.appwidget.provider
ADDED from src/main/AndroidManifest.xml:22:10-23:68
	android:resource
		ADDED from src/main/AndroidManifest.xml:23:13-65
	android:name
		ADDED from src/main/AndroidManifest.xml:22:21-62
intent-filter#action:name:android.appwidget.action.APPWIDGET_UPDATE
ADDED from src/main/AndroidManifest.xml:24:10-27:26
action#android.appwidget.action.APPWIDGET_UPDATE
ADDED from src/main/AndroidManifest.xml:25:13-26:62
	android:name
		ADDED from src/main/AndroidManifest.xml:25:21-93
intent-filter#action:name:com.deitel.weatherviewer.UPDATE_WIDGET
ADDED from src/main/AndroidManifest.xml:28:10-31:26
action#com.deitel.weatherviewer.UPDATE_WIDGET
ADDED from src/main/AndroidManifest.xml:29:13-30:59
	android:name
		ADDED from src/main/AndroidManifest.xml:29:21-90
service#com.deitel.weatherviewer.WeatherProvider$WeatherService
ADDED from src/main/AndroidManifest.xml:34:7-65
	android:name
		ADDED from src/main/AndroidManifest.xml:34:16-62
uses-sdk
INJECTED from src/main/AndroidManifest.xml reason: use-sdk injection requested
INJECTED from src/main/AndroidManifest.xml
INJECTED from src/main/AndroidManifest.xml
INJECTED from src/main/AndroidManifest.xml
INJECTED from src/main/AndroidManifest.xml
	android:targetSdkVersion
		INJECTED from src/main/AndroidManifest.xml
		ADDED from src/main/AndroidManifest.xml
		INJECTED from src/main/AndroidManifest.xml
	android:minSdkVersion
		INJECTED from src/main/AndroidManifest.xml
		ADDED from src/main/AndroidManifest.xml
		INJECTED from src/main/AndroidManifest.xml